22199762470557
6870472329146
32661800864615
12722277568526
19978501163451
31022626164631
12447459820294
25025010909513
10097744622160
14780913282662
13583381880625
8423373736185
20743385486168
13846066028222
30189688212526
36457446745354
31710231622928
19835392759194
38061410808710
15195953146978
45185004870
23708877727705
15940459872587
27132806535596
8750325069614
10127718157398
19488813059215
2536383046310
41134463165644
584733729302
13125834678764
9655463969794
8372367607720
14811658629411
15153083896804
215081960318
20325133093391
20795943069724
10442661792893
3572402523535
599892745880
25079595671715
15463227804474
16358031000475
11278802662403
4040821223287
33020548697164
12417433321670
8790698055980
3233108269858
7517247390324
2696717229718
30779112275029
38817651781227
4244644839256
3875831014237
27323568853069
945642211414
216833571589
6740312574194
7636603343791
38358621431536
21730408250898
7255346928786
14430744647305
24153799779386
23079211473522
13830917830293
16234567851166
16564320820035
9382741556878
475818339220
15039562035468
24173699220596
548908101054
1246207291938
1900011017178
14843590554729
20991801169390
18550106737626
18270521327595
7727058971467
30249928409185
16994640271659
5222111562961
35647588711523
22901790284459
33561259911717
16792607588172
3461776691048
4573095525791
16613509288307
7212735914628
5875351733138
31445003718663
19965798779694
124111229900
8119683497168
34430597741335
11413145339424
23600943167560
2171830676338
30348480204144
9985934192589
66292093503
14307207058526
4288971191631
7061455727518
32593111361836
2987501714990
11871232711544
34048264224893
37523685105356
36238561838173
1539525070236
21805206455087
11885359971478
23744042266670
21139223923180
25757891296085
28000295214382
41787104823056
6158859588381
22873333447460
17413963450781
13827193435502
5546978986323
9966904282944
24528663417173
18199205303446
7770911503283
18924892549302
5655650473278
2357119279459
41432300527611
23995518874915
4605240069104
6862154490853
42164453041249
14348816307574
26408765697590
10902223383853
31403674290454
12798216948077
908580862440
18848149265446
24579672706960
37371576668656
23574794320426
15217882113607
8886807709041
16098239858477
17999650529187
22607431830155
28606691553956
40259088432481
36896538867739
29926811604119
18328491917917
11874266848682
21804222777655
33826635652060
25438853850288
17618036218321
17152296991121
8275404204229
19299987937594
10067407328445
23846054905909
9666618692196
14507366472619
3711158776855
22118670419333
4537492130931
13805587033998
3219250150148
25098546629772
5515490028801
17100133866027
20833156678044
29559541617381
21803443171449
20386043790200
3457639148965
5807682207515
18367988075890
17812053726472
30368539909818
23174868165374
39074270237875
35576538666529
680588764128
4162767266724
28923041352916
2127749488557
9727173915779
1817690769830
26529647942042
5755012532480
34499850843178
20318864237675
1853015497223
111033338991
23623155184231
7817264538144
34026215654686
19295963726150
27495923766120
19952675305381
14387323759357
37768883664207
4460440806443
4448354842318
13305438509398
3720365429669
8370817941620
5911474787881
10010933695998
10764977820810
20452827856802
8209737580202
11062393887486
12385500325046
42932779066501
6963777258113
42429002946323
32210448084842
466790311353
7199736672665
22633866958985
23690409093993
8361952148069
23820198475106
31190519191964
3665885510110
18874619559724
26096196665228
10346137129517
10139280710458
26614570466978
33071131333002
26623937636852
42802459705124
30444940490868
17982865584480
5425794611149
19142021809033
17134614451148
2403572752351
7329573508105
7599943113240
331392439492
21124158830011
27479506417829
9883694604683
4257047840108
10502435868866
3498854955336
3666232039415
27797620806849
29165774715649
2809042435814
26312901723314
711658636618
31698495412050
36798328974315
41686544996435
4771876126139
5988629683143
6155438342950
20542500218346
15719425824143
4326663418743
29810613766581
32894220366792
24030848826615
5760318736318
6068941032898
12322378650291
7896611346230
9143615227566
14381591543333
215139097174
9804340627519
1463842550436
460621239935
14325294886645
29742847313597
4037291877862
29253036364031
25225105612894
3804993229969
27733075758822
20608011588310
541169070280
25048271636056
8985580953002
17371784388078
13319515422681
14404545647899
17965685524524
20565591496540
11805017000399
19578085984097
26965658012795
24506729949845
14673384989848
21834247057951
16105534591132
5927231953576
36582757839287
1582925747594
16193935297557
44058855567860
30767876479827
20210385530537
2046247759533
20875197647956
16353455410949
42769166585655
3322808582063
27320833589425
32512842563281
2452635891709
19453755546083
11452679120344
6421271787343
12448720923223
18521356219905
1623520418436
5953587171819
7213300298581
11430510326193
15673351278425
19355032827140
28812735992079
7026987215174
30303165900221
10370519271429
46475668637443
10739850348028
3761385983192
28384759028578
36350130767258
7852968488292
389747011144
2611389022600
1924421040023
9485667164925
1491484864710
10488575261467
18508694283083
7694107270423
14184026372808
268740668805
2027844396517
29597738379683
450910812027
9407727583272
3870521851814
8158596982305
27440280526222
15265789988552
14817678383002
8761197819676
18556943599799
18332190136512
27283076922405
7338004522561
19877984102316
43730922563005
15533758073101
29330020365021
1638499587157
43656928602776
9247148246042
35932153324258
20244072299487
828714196000
20603486313103
40413941105615
1452273060036
8518889686278
31100845199880
14207931440221
20095098178623
5466698392999
7391683321795
8618366695172
26568528685908
2189091679127
29588183981999
18941667092032
3214320258615
10877919469612
34583015516860
9235302308716
35588984889091
465638003688
36143198057122
18715069731764
41867014716339
18748519244904
6192306225226
12126689051734
14521276404125
3126736485868
44383364195491
8985205123970
2995945097028
28531287101419
7719589887210
213962481071
8635510505182
19695495252397
26070688742648
9285466103302
13172896991675
22913117388065
7555841662925
36148439310320
12325599012159
1710499371925
23450130689919
34121079328186
32037142910256
28546637466112
27465735973400
36718104569348
7888118651713
3688630906939
24128788618875
17257460546890
30733010548401
10218416235330
4629706403987
5116582641124
17432719161097
20385701499499
3290579279660
30536947260653
10481431547874
3870052475341
5057200394235
2133516415194
8018870381652
32505238463209
1093877489385
43675163840589
44405275923
26809492167189
33741374777102
18538050029248
26109021770341
9000251680977
23064636944703
22928066542965
24724468083786
519607793497
10654694284093
36668293567512
41334593027657
27365027684360
20935244852618
25367768021024
1092632991969
3129561998690
14103915149914
25636155132679
4408577661730
33170712613666
16311799177415
16449528370849
17159039405887
4747400462902
32364953126344
22064696782662
3055081348827
4508895948294
611997973502
28835703339430
32122102612769
46277018453490
16494064280644
1293520937299
31017861290526
8251461918545
43972736606005
7485815545411
10458068386140
6912221403403
8240495293216
28398488173261
15956434671279
21203016271074
20448056930469
23758961050219
5443615731471
1341416852485
28671452946580
