5574142301704
10485231557453
21472811009765
14857797262377
9569260601869
496154581050
332140972873
22000435738092
8849274591669
32733888152350
6794246423745
36133491902637
19877453530751
9932194886485
17612710312043
14395742761620
13914321758865
4500711272975
28017168122984
11423994972653
11542585995632
4720079083720
27185396213732
1722514198467
42219017552635
22936088141046
12069548560424
27401870677449
6081526021496
9857323375126
7186058372755
19592917751887
24766063456241
42985841585273
31614250588566
33582831940803
14346733959243
18113764756800
85770246113
15892678133321
463507204705
12081896159113
5493552451655
29480788963538
11966434197288
21994471512726
4563720980752
29377278485087
4767228617577
9294226449061
15004785608367
19635406065614
20317180944232
1539744028785
18331843997931
19630870434012
13509046238834
12136684488413
21548028810709
6390905858662
25870648028406
8965303318472
10169244314957
19770573358381
18412852364570
6950883093645
20930278220180
36079830082902
5691107096077
9003621908960
15352152816989
10739550228459
6990674289900
13868383191979
23206534779309
32535662540635
40309071698442
37989789081648
5199783640492
4279790311315
15635777683956
11626578588212
10432697109800
10493254514528
2073088509297
28796445276304
19022109084096
23674599512014
24517238256720
19787750543954
3532831251305
36676822036111
15869418241933
27455857274702
18528262296597
9163470800099
11063952413894
20830626893436
25431044047201
664084343514
38189066896725
26141301542195
12159160911329
998569638756
8886668928899
8883671946151
43007197088828
26451173189300
14543449041216
19038990847447
10684647359274
23994985813861
25240044409645
132489482100
1153305038930
16066829708249
16552318805171
32490428264518
13564408028124
34725677187071
24823983431002
19063652929022
32164830654578
14130172717352
8765852514826
6017203850718
15784752904621
12460648679281
30511170531088
4433815399456
11424543911225
29633673793277
12936259389025
41322827114677
27485044550440
3528766035055
28111399004197
19604521721320
6549811927652
6539979856458
32370589517618
31192448382990
7735942965315
22116277189506
28853644271409
1730654114180
32284864874622
34533814440217
5489411286307
26065382140018
25095606402953
18319435945610
33451848975288
25563032335313
1182060389653
6815287362909
34571524386088
867548672583
30490390244276
4272024828167
7783977423264
17818089129218
3511899241815
38415473340609
13450521745607
40172681709605
37204670821501
5052213230757
31108632200851
17323874988785
27887117774946
13682188113480
1876399368328
12485660699091
18931871089266
27233763459319
8718908208498
3653304826381
15202163254765
44195693363717
36753536927604
15380090525499
27690044792474
15263819067543
43342925458956
23042661536064
13775380694178
9853841675852
8702725095323
38210025685967
15261076334410
2360145168715
4279389097128
2332867173976
33389550589343
33341973870753
20298930004933
30405623111672
26662105747676
9789703036580
7249048288557
11159636386588
26012478463492
4944566687593
38285581567187
12084267126308
764916814472
33725277589588
3460573015878
28214991787457
9959190887526
9294186346060
10453033797729
948569958704
3021466116246
16299111681915
45542356123230
7578945651290
5564802266597
25657193171071
7622644690584
23205643308952
34014557261102
6610273435482
36227760172417
46324004254750
9753229175421
9563638972614
16812531351720
6008039064615
11566212269176
1210579302399
8913185212192
23561418251563
31610750221045
505318667603
27839657996459
24504336763505
40660194090325
29858448868948
15996684287287
18829648775530
2909632772589
422757418758
2058368874637
30958652673024
6120217200038
8236561626491
8252678954212
11458653734804
5173251861043
748984818955
15492658027081
44130540770947
29895446228709
36346477155426
10090670112195
316371360051
30780963650566
21333028191514
3738925275629
24376482492385
18023824909036
3550981410956
38258019266624
27851117489597
5991034158475
4671842634824
10375720507460
12268899737674
35661704196345
3964281619720
32269121361881
4379013449858
1234569465034
18718065420115
3795171628202
4921817236519
38173156354924
22346324147312
6408267676997
10205497142271
6704907139786
5267410965483
2696617763998
669047804899
7279589888377
38100293948992
8919147895209
13248071467627
17827197487888
16738325058377
34056993604229
15738821075617
24658347767258
31217121913504
5057554633514
35293302905395
17627821220628
7770558375977
19765834318916
3710664426183
30720219506950
11189518968703
23831686979156
37568770658452
43557788101144
14439825947163
9001960797166
6728573483545
9267502890481
25219542307691
3338377140680
2191315498564
6950884480538
11015302696515
26970071730560
11583099527876
30652391304250
169032647841
3612901407377
21070563369135
13833824155397
9076569453128
28798488246192
6764817970140
2414784719626
37037824033044
44211864925752
5770766979820
29972244940841
12835977606106
16651249801
10744347282892
8011267001804
840033742540
19440607436991
14451278769382
16811196715639
3786639876857
39857976507222
9032465494491
9635974202287
28512013500449
15951055592402
7817641606864
36229631299479
4725647022407
20012785086518
9781595848660
4965833353749
26860120893792
5064540660748
12810995394584
237153833251
22333277883698
16633664700953
16757506408380
3446747338835
1107016186855
1688927602759
4946239446509
25485934342222
7952464074326
3927236848884
22699609628718
3109425565149
31527105997729
36479042942792
14423620935849
28906068410306
32918398701375
24722635652396
44077981166318
5994624402922
26722872605724
7859287569313
25247231461422
22972892192377
2177609947119
27648600913257
3869504275392
27842727340474
37365546741453
34478948272294
11036876366972
2087970794767
24333009060819
45301509562373
1188102873778
42282698088871
12065968783748
10322766974198
7268525066887
25744822950307
3050430063095
16211450105994
15428795716027
8041129901674
5246569651115
32532733695080
41087809283697
597977184114
27254536142895
15199611433714
26408674402562
4862416216819
1720438283010
6992852258329
2944447094521
1882397679064
25240683806788
37817897964441
24132267084815
13648798072634
20656478170567
14059621532482
34953905847553
3346445602886
5960933131886
15128713311682
7037182109879
8889539519631
37038332581749
9313420368396
14345164649888
12361995956860
5955845069592
25657990666665
22562908375868
36761219372916
17226146377886
31910001967476
5244150918752
20004551551950
35827945244367
17212733434384
1146339531122
169202331929
2313905907744
7385947185456
9092194596095
3605731624430
1461366881749
832324965925
5728129531891
8171764763056
9170224132541
3902830499304
3106149168592
12972534789289
14866604861628
29579278496031
4361572807280
38061682607
37801582921649
14459278769582
10583502354799
44543783753326
8975580094003
16181785794210
12736617780471
8362640303572
34445962949793
19417613911524
6291793636600
7442404583797
9129744384946
2245772600337
36296489033016
13521830687579
15875532876199
23413705871179
23753664539786
7724179484335
3459872617063
14535191373176
36716125832494
25769850665918
3491527261651
642633893639
28958020948555
5824832304059
4686717522033
20744624328044
36432379016042
12481822041085
13108931228840
16108708456524
4499122964270
22674617523480
11734455584637
11082610601023
6919100824212
30379525834268
18389667491585
25737889054965
21643581645523
7820478266698
24406691568918
