11105725752695
6060730732396
12000547683603
24103608468508
624910369579
16192809841552
9898604999143
2412972301140
8160696286609
28889945375953
18401141443997
41669504730211
17200414952552
16800692933477
6133929056212
26289937288969
3288715555287
18755309419009
19684409799596
24074416282041
25739464647484
22136149531354
29630671897670
2773047262822
29896745668955
7671116523220
5047511891660
15771105598174
8411322655558
19280099714252
3477471466307
11300180460044
7440491662687
4319593538749
27629662778914
5856124988245
29681333685234
7772814338274
23106606777450
12929188742098
17615193597399
23191412194752
37946069823723
25638044828825
7790740544795
36355589692451
22735606169815
15959052810189
19385410615735
13567841255116
6068510917779
2943716034097
1700542217012
2881367094044
43430442253208
12039507071509
26453937377819
10092995343767
36369607085424
3916781167947
33046963973062
3728976049216
6067075851137
21474950087040
19668933808865
14464290949685
8649326270573
17519304369843
7164394588126
13084827634268
15478323115375
8658912249094
23686115288638
8154227398259
2367459154188
29073548471991
28667865494646
21973188760728
2931033665369
4104176763699
18902681396464
19344956397305
21857016875580
21948271266089
14969594514362
22939998268156
1385179361598
13692840938563
7856881375079
39023174096982
32749076033806
2017375177250
552986708840
6733365695187
16121363626962
14583294231533
16646760829034
39339081310529
16227651433330
35349902496841
29724695685581
1290981804226
11516528317062
8010593841305
12424286671896
23869607937365
704754988892
198050715213
16066270346843
38869184099819
41305841906019
14223768815811
16508570595023
7298226840362
24905641681349
13559785853386
19247373904972
22096965416790
3790468354456
25900817874637
10237207836131
3296833944068
26860447420846
29919297734858
35036973392340
6463903126848
9624799829154
20126372180958
24061497370706
6865704155249
42662727479766
11454342407661
14391408910811
1642991500402
2489828389224
3234482642908
13106587401574
16817527044951
42568705299792
18949335771936
4763398610834
7899008519198
13746732677949
4350854479808
33170796681290
4930438221983
9344941809391
26807940169043
16044244559385
24301221199158
13532714155099
15897159802535
40669423051567
25407853275920
29327619159484
20722916931921
6349454954068
25092481079095
755291513768
27435491214257
19996499707289
25874740228411
14398913656860
18057208444948
323864028883
45398502501998
11463306677124
13502823496503
2871031778559
20226969990381
38826528003630
12442360062470
18079592599480
27765743210801
23919898609021
40879028236989
39486792485666
4464865427122
11843573848322
21463821430044
22052056396398
9396471779817
16740733037778
6567599166078
2906957066908
16890899588094
344191096206
7837795076136
18411080014913
32379755514661
15738578957450
2832288242395
3751714731565
10069346067882
17950891617528
25770441209388
2251734957992
14225807097167
22100774147686
1220776768386
8703116935888
788535140990
1585580086940
16456738367667
312586242783
8525803685806
3258319886040
13842512107063
23322965446333
35108472067899
15471911788532
18672604770894
3434841082675
31844710375551
19696586812964
23315960429388
13819392255927
2238217680438
10191720809460
15084974644840
1923163569850
9376627935688
5060102811057
24298711632463
6175354683837
2577002018857
23624293385106
38244820805943
14088125539163
10022289063561
28743410473661
14853395962460
1421856779997
18422523594439
856835122844
20271137833728
23759811206279
39026397765450
18053599994970
26336464712369
45585423491458
34991687271033
6451663335149
6234532421779
10023659418155
27007818912741
9793660210285
9252470954955
31472011426499
8618773594346
4140089849857
38831051135203
14141359744077
7993597099250
19669098313414
14729031489943
17379934288714
634387769888
15753555533483
38197669589046
13498334817932
28308261298660
23408312507085
3610297940373
39333116202075
17348625639940
8708239677069
24974005236004
35230396061862
26714441332968
17093644654024
16704649767119
45933402215315
12072720964519
7376374417442
757121072140
34116186714174
11612544278888
10541337532913
8234027882005
7683627586712
5034940958305
10981062941373
25827572161420
16149127181308
14692336375374
9375685884316
10184619317686
10387711893836
39145968128163
1679736368613
23275029793546
15837004976315
20411513071626
14355446466032
8837172972377
9140592185505
30879739538812
14517385502665
19559320719893
2827024511391
15736828988782
17651752732028
18917503443030
3246271399060
12643652151233
34277309260537
30240507747523
11746971406642
17661583689188
16194525817954
26725871995027
40482626312381
15672337261053
16934707023703
40112676350401
20126608202585
21764543932504
44946452933776
36951679116014
199555981829
25584811683379
23549804639958
30075386050163
28754413781409
10429023554688
9986620956494
42934853381524
8425064079960
22313100978115
37661620028769
5532282189364
18019823548742
18843905921729
22891381952138
2298846355469
24963479005220
43237946424589
11822350892562
20350180646743
22166303777079
23466737201652
30490663566759
6026507018163
2793520371884
24681403710550
33274162899202
8838568559592
13886704960572
24707228919145
14324852054504
7918191425858
7912383343918
24517937926307
42712646533336
30816993662641
1877393175038
25343889674580
16217978602232
6322766330233
23253465929508
32316659068042
16487593283053
25407469234585
10145052066224
1229848015985
17465934807831
19292558455526
11724064888964
20735169244843
11040561190275
31120469108193
7504790092678
9213533612947
5663309955126
18865768194986
12197104225026
4652376683292
32168521335274
3985259174985
42507799254050
25000001746917
14066303269987
20430715020802
16307096049985
9133927323228
9467212969172
11324491067219
16112863265627
38080825509068
15550477769090
1621583872349
33790594265296
11220450731025
3774248218322
29312983265624
28633892957510
19239705091974
7159766635339
17713595368556
34417098023118
10139397409926
28234318128575
16274760425950
18570553038954
24715011526554
2275224457962
46547860463455
9543520162188
29573157080023
3981075577218
25070538791060
47986292490946
9851473535231
5716315370442
14112018498592
20467101749339
30836671389499
15963591531037
39584526502970
10653742627377
14713862778704
6170140186541
1498575360483
6663925424946
12069669611238
27934412356274
5263771559049
15694097090154
21695989991590
2431952109641
25408517584861
9343104408474
16474079752158
29043193613651
17497922982418
20465734866667
3147141194729
18837306466986
40669143817441
1749186698001
36027940577449
34129641200891
14622031261504
35434260225641
10113401837787
26493075938959
22289339014068
8512726919648
30501943263893
21237200987148
9468820189781
8001243138451
23167558396853
25412290062085
28443390317169
32722022109472
1753140997898
20996915006964
27808215997935
8917281928218
27819120476644
20266369626159
22693293887404
34313690672392
37078589522781
25004976824142
32529983552281
13742404764399
506974999126
13195423384792
14666068191834
7252446309364
43571176471403
10861335809552
8876408564599
29393695548753
17892199968941
4484572226502
4523262812413
17529339354534
13195738480942
13627601274537
29930252356665
27656732016033
24418221380704
14322444956195
7835308282982
18793153328568
13164092656371
32170616445982
33835097254500
5203415678912
22089916236012
42984047399730
4841997499138
6739221947894
7280057822258
34860345035646
17874535091207
