23481062882293
13056296136004
1883912754197
21535924098537
17100591337155
8452296432688
38781916256940
5834543834368
19966753417598
7865021211496
31901406044170
10634423557914
33354188047447
18391028895329
30072593628260
14729905707352
17839081929335
227632160009
4868447767707
36008124046178
15834367205
16666524919225
1862076190747
10651046285
29901403261606
25000825416017
103920262303
18627711807355
27885775346338
15529689764469
15370911057453
864891267727
31013656132518
24611383406476
34287369999103
2263209949967
18897646779355
8275481808524
20019202948688
27898107160192
18138453940585
14700995841288
22535825740802
2743115957837
689917691145
20506271630546
22506063422879
15782622601940
3927527389376
32039909575517
4070850974056
7823234707900
21736359366465
26142875724835
5835221864620
23181618486955
9664221130777
8895690276062
26677732905258
342324675721
26769799445451
25740362064974
21555702099866
1575441700867
2558446460982
662671250394
13005974669942
25019424457294
380223711879
14853774816042
22546153905396
14945844673975
42843646478956
7093561258449
44153298832382
1103592202774
3914814043067
27879419994060
31443779403465
26181562363239
37605696339249
13438242369836
14805011764594
44250139998159
24326738871205
17466035058743
27211416614163
13327599315082
14703659085303
10338725172216
35553346185997
19952697627841
3114616414558
16281310737440
9257175700515
5070217424628
8798187938560
41171789853312
26669891517947
15896314440379
41105629375838
14757093440270
23885319664233
32246783175353
2209325528238
23927343432707
21175038223750
9852358171054
2762099596742
946179359537
36681000011839
4157925323699
30755457952115
22365729887324
1914496711108
24301072558460
30777033046453
34403910539289
25450824061678
547529834579
47579049303348
7705940568780
13006953844485
27129118526478
838497961189
6112038068655
12195924334173
24549669486155
21765651571213
49007273306155
9892703365393
42078960602437
35794729948832
22331438385203
1174795573811
27930424590437
11846168059457
11371561668008
7500211456613
3352479526066
12764197891645
10829895100199
17303330877657
2089688694291
13677231053719
278492211605
3613151145062
13233371213531
34188468640689
18523476264932
1738914105352
28877507923467
7766115007775
29380231083739
14057247635218
238749047812
11141672505081
19431289028348
2748025468336
15401105256950
13865159537339
5962803090565
9491914800384
25199432763458
5448183179663
4652647535187
16862950220564
7733172818941
17642334825686
21229144988597
27352654683663
10124494876504
30270934399258
8278618278192
19925059210583
28866330415322
13181610040303
9832696866676
13807114038891
31903166699994
6791763054312
30358207657151
14977738361447
15695955426207
5021059799585
30599011961638
11693523685584
12801800404503
19440865611523
17871793413813
17364174205205
26057444633126
8005509983741
419747885750
34331662086643
11413850742034
32205049264365
39608638492609
21550474398717
30742239986893
37608129237247
15314969249179
4561384450541
19849640649228
13383329894320
9945452022603
15091827828432
19615820460315
16729050711012
8769101543842
2150470725176
4522585087807
5555470958502
25175476811780
16883023709396
14919487402220
13027775317353
18924554653689
11519518742272
20268518369626
26646903160807
3176698334382
1174586808064
12894653713336
20151328403900
27333019326924
4640856105452
26047819310048
1425363165415
19484210879086
248665187310
34109641512546
19182598466552
30646226011308
11064785389179
749786599630
24705435112373
21984800826145
14298968319236
41764782654037
12151330467142
14661238422189
30552838132419
5969319367813
29180046282267
33104119870352
8289288398108
24820519024456
12984427154420
11980669850025
42204142698768
2762578445877
8347122999463
259394698714
1980571353130
28343811326736
4156258411237
2952486041917
19917826131984
4304488786944
18792269159777
7640746905351
11108197506562
3401160654705
36209741743032
9419770074808
12295641064622
17927263528329
291676983092
17256815310811
8324169103253
40472526191402
4552929230867
25511830389153
11367802016085
120745515688
21817199894885
13090698924193
35714327255368
13505747837950
3013438602651
2429716374353
40674856230348
11594124833815
4261581018903
1456283021139
12190213555872
7173065990579
1232541031884
16617570092464
83035254350
28800865232403
40767935373687
8633581878558
170056041489
14511325024979
6213812926397
39711554043757
30644921078058
4713380478287
38422484671539
25531031514394
8166446011880
38663709766195
34052978999347
3966651996873
3802434816040
5384804805221
16773713939143
19987848466821
4707867695767
22775321630370
689763106430
2326480767881
19893340399148
35577125474984
1739312549202
17108857625976
40647301247115
6960654525445
30009320461829
2649900148595
10689867099383
3148203695500
27406117568314
11407040297164
17151753577271
6769764405134
18764766896767
8318098659222
12028452601373
5782333472553
43285218845694
9514000808330
23666629475766
4019500055624
6019842725519
25262710298844
12391072344224
1060236650036
18170768217326
18465238595942
18415368574462
21614070705925
18721157028477
12870531158121
3475647361903
5252886626565
34779288918900
8795007432489
29487621498129
8474124192225
6316976262173
12285092242847
26936711283791
20677066164678
9831761206606
32883249342412
45834747075006
10223087118897
6530866751495
34228679568447
6051963924902
39047174427852
29447215999251
2885109589487
17769977408642
5822138438857
48557092820413
10117346790912
2374203579245
947278682367
30943543975864
22482126657216
21974995913237
26641433135564
20350564771540
3740807689813
39829184328412
2425311919011
18609876811870
24404138628398
3144400737509
19487692912691
24615277926557
26097041650564
16890518253397
2507193548859
12765680751409
9260822234151
2854654839473
6911621171959
20369647198297
4287479186136
14941109644791
24606055975320
14104151775071
15850887736607
43120878018808
7590710916878
15783413653473
24786895464962
13526136072968
20860466311289
3599946336305
14796116140652
1406523333711
31152900249638
16861461831848
5552366348681
11621795271641
3208309670673
1171371999684
14193517102126
41312660039673
699828261492
2507777262195
20413393127393
10493538961256
18534453323030
9873658794467
22330419654325
25515659059228
7940527717998
2439624271625
18903147503410
42530788413476
13813579954485
14057077682320
8475598290391
13474216489238
6155066363799
7811480384585
10212042664508
37145177141559
6388499324104
16137064489613
14733468589443
13978688864112
10543385810177
27320994780999
20202923823988
287697887982
26829424163338
18995937548140
5005098113696
28473584137151
21236661854154
4230952522834
9354068167421
6531404085316
10940040012171
38051032658993
23706694502344
31267108241391
19272405521350
17184975569618
37190657946261
11599007531230
7114492551855
10590009914151
36224946893495
8828944342412
18127242016699
2407990464223
8374282394600
7707531646057
30486383278821
32916629744846
5936948408026
6719749139183
18130108383351
29549020801137
1003506781852
25376319751566
12589996599981
9919100340226
23489613992167
20363888762249
8582235739705
780487020162
7753783727431
20792745054621
18410164692271
22595399962654
10390995530380
23474605081971
7207403089502
12741518763899
15447349377953
2189907582218
36133382226537
23682136845360
7998166540022
29199798417758
9528258403340
31570907280450
30948429007233
9079384071298
18771798385595
