3768780599267
7283501162843
5686841915638
14479767451280
18632641537777
10020015952275
3166508266187
3911423147247
32328287196769
1042598744778
21741456790592
8549084439039
7172770920054
723522899359
4908871666908
10433926192535
13884728594200
37853867909392
31814644186674
16112623511591
2440169713955
3117417277644
374700963744
6266251858663
11016912389852
25370390391251
38290776081178
46381969263614
10361462430017
5151286098452
8885479614115
24736450272342
5937141983053
8555957766291
34585255357218
1258287005222
1723397850783
28657567540727
13079333037875
15008530859208
12338288891002
9913779466263
9587446056859
1231057170633
8019363010525
16350037302282
12590524939100
14934830403799
110887998873
332512326276
29796414055377
16681449356661
10743742119173
34173238221569
9976138642979
22245696242778
21525990407392
21440001604272
456041524900
30998756903231
20384339162381
9944658509940
2802743835117
4225302512397
25432960947205
7902600859868
20242340181396
2988724047692
13616769788727
32947882464883
7976118852045
13006627418071
19472960711088
14289121671271
7777757774540
14698256611105
7659901541994
11350848520764
11331187546488
3936390436987
11828285864619
1642548387897
9192298535408
39512399284318
9781854615071
14395128873448
1671922991349
29672080033108
13142654829236
34834330030920
20821354148828
16350995736695
15865177221713
19075381000625
2731887627825
5785105864376
4387502106074
35654661743868
28301717895100
15899578397650
11702494528758
12568386606155
9195220945636
1312909494157
11841997398808
14405449345796
18613343532313
10853053805824
14320860480456
9843032210792
34591317727366
38406684011722
44354343513307
12204943654586
18048169643974
28793980326752
3270464785649
31858157564138
6948062939342
17886395035663
16450447335209
16293026234949
2453350267989
26576785446561
44221360742473
26161947905249
5982976267547
34007211172319
11562593956622
26661603589832
15526127850619
10691941990895
26383268791567
27131038211213
20519091621345
30197286094042
17399935196533
10039300881087
32367957626731
11993223074168
10987900674130
24588029340463
9054380148397
22223999181220
12652844957374
18922785140549
1060802984183
10986751569029
31443347399765
10865319586881
22231186375890
12948264326041
10279717700902
35138803420249
7276774048132
1730571597344
845105917735
766382603898
19864937173858
2181014172568
13216116108413
38150733841617
5350556165397
32265979422650
4253315832980
5778887299391
41071665656574
2775955409307
16525444619285
8317137099235
10399432718512
14415350575718
17175149157675
12388314362936
20840077480758
10746064875272
30721409101520
22638852865409
38789002120002
4957760134279
6617666805
8574898919136
7845574272466
21935822055333
1202428952972
28739070954791
4368279803357
5686041378228
17689506538846
10298857474049
29974987583704
35722884120792
30602697647673
24677721931866
2585912412648
25709080763268
18244962829326
2786719005480
42868515373913
23973438523819
33251112869185
29891470401582
683052191960
6600948781249
33319988016356
28440184917048
5259013424448
20652998229362
24852723767133
16486626408733
25083325608602
31100941983102
1304130952133
29865641806187
40348721125365
7934699224671
25594197643402
33854268461868
22643603892923
29804804412110
15633754962082
6719316043894
21656559815370
26993942691823
12779480630141
1072081391961
36478842579366
36951296022239
8722024075537
15223310356856
12950984704002
24536846623410
20312681269438
17922532333458
36084021699426
28551700101857
17526712211102
30023828902742
36667266881352
4898233839566
42543686728332
771294550244
15026702393289
28541525083691
12748600777576
11355878646739
20788261514019
12612767212081
20947436493150
14486731374548
9973330588489
1510838131099
11450352681253
18733583773392
16698048305228
12450769047366
20654567117811
31686240210144
40643194461313
14813960090297
3762199803850
13652832095486
7066800155646
703578737213
1710496970177
11091109671043
30979649555858
20020535335678
6423119693763
28621566586860
2339417360192
14716412878692
44433414140154
23149846180672
19813652076289
772268084965
15195059804905
3313343612278
34675716250267
11014648681212
27140159984110
13504992977736
26665126229014
41943532822925
4254093318202
38047924157403
2765608279046
12597875555380
22626400602762
2346178058594
35788560408769
6777929544616
3624442107567
7255283610217
32293799736237
25534431826563
10259247024348
12310329038728
6059268200815
5529570739270
14059967609365
3733357062431
20290724596836
25461489440450
29416507937532
11554532658994
29643906610136
6522467684199
15022161210397
19015694422450
18987528093220
35922783587358
17644052135159
7044301228862
21563915828600
16585606469736
15713707381245
16181400273861
6684179233834
25802268947296
12742293271329
19784402259493
41791606184247
21598979952489
10686110890214
7679245776248
4349685491401
9588795761430
11267303600115
3095934238224
27079244580276
551506986541
13078827945633
21996363049411
10179577984962
20812357001776
28673008001745
43975420009064
21665325203026
4820666461744
10893987440087
36173804266612
11730546038264
28753507377565
31028718896209
12888858877839
34380592208414
34981409730119
3179837742191
1156456523283
10884641721620
14592207880568
31988798654599
22849343068167
18232029659696
4707045005773
14219983738741
25402491144071
14724436914240
666786205590
4414516989700
1339607963016
19202993930692
4516125758144
2238020109216
12981477418856
9923518893243
12853714858542
6124055505473
14901171471654
20634140904670
9115574201940
2194551072748
1612470412363
31353778462338
16857588645098
25371471473223
10888562307308
7906028749799
27831698319298
5311028748144
8088814710623
28162714414640
316583546096
26361450539301
39156408762425
7940975634704
33422552035981
1355634836271
14323811250197
14351376393349
11851930145446
187187137144
30832237757403
13756936332495
14868672775166
13565328375457
5959914417800
21260630932695
15368695551671
38109567213341
20534679124985
33212781641986
6576768402558
1842427954399
13612260783413
851542181186
19022247965230
23119232006637
24386512650512
32664117409961
10559866875511
11419019359124
21486602035697
1057567588332
2121571699186
35232142187154
29730219704924
27451761246148
29167249798856
7157677855806
3124044304124
43370907273731
3790397530050
4371889778001
8015128044365
41276759435876
29952577955599
27953921206
8625879340471
266754702662
14830457858796
5391490597759
32134703138950
13757928015292
32248250719459
14974462177288
7249202625218
18464264027414
12040670397136
1125458727154
19454173314395
15179714406661
5720803759072
8748652102793
485108217729
748540247059
27128271351292
2251295419830
11963726451615
4000135907932
6954303555426
37746993361632
25246439785683
9603158559794
4921265125579
25514470677341
27856495694772
10768926045692
16430046255214
39548577643745
8146292770208
12636027586861
23773437931734
24020268194202
26692555502577
15364919233201
25067771918542
39353178472532
8033350437811
12912845717056
19920301798324
18970967371743
7557634607328
3360605823837
19310531687585
21419856380188
21124411812630
21865397014688
39293140962317
30892366010715
24181336420250
13488406917846
21968359584299
2307870909537
3063463116796
7680157713541
26638590304280
10500610711270
10275186089398
5067218919396
16609035283806
8851663415286
812627904543
23435422508707
1316433643256
16506139949718
24463814641216
7298723780758
7478194600217
